<?xml version="1.0" encoding="UTF-8"?>
<!-- Generated by org.testng.reporters.JUnitReportReporter -->
<testsuite hostname="DESKTOP-F6V67VL" failures="0" tests="1" name="com.src.teststeps.TestRunnerTestNg" time="21.639" errors="0" timestamp="20 Dec 2021 18:55:05 GMT" skipped="0">
  <testcase classname="com.src.teststeps.TestRunnerTestNg" name="runScenario" time="21.639"/>
</testsuite> <!-- com.src.teststeps.TestRunnerTestNg -->
