<?xml version="1.0" encoding="UTF-8"?>
<!-- Generated by org.testng.reporters.JUnitReportReporter -->
<testsuite hostname="DESKTOP-F6V67VL" failures="0" tests="1" name="com.src.teststeps.TestRunnerTestNg" time="23.761" errors="0" timestamp="06 Dec 2021 03:38:02 GMT" skipped="0">
  <testcase classname="com.src.teststeps.TestRunnerTestNg" name="runScenario" time="23.761"/>
</testsuite> <!-- com.src.teststeps.TestRunnerTestNg -->
