<?xml version="1.0" encoding="UTF-8"?>
<!-- Generated by org.testng.reporters.JUnitReportReporter -->
<testsuite hostname="DESKTOP-F6V67VL" failures="0" tests="1" name="com.src.teststeps.TestRunnerTestNg" time="37.449" errors="0" timestamp="25 Dec 2021 16:33:07 GMT" skipped="0">
  <testcase classname="com.src.teststeps.TestRunnerTestNg" name="runScenario" time="37.449"/>
</testsuite> <!-- com.src.teststeps.TestRunnerTestNg -->
